<?xml version="1.0" encoding="UTF-8"?>
<!-- Generated by org.testng.reporters.JUnitXMLReporter -->
<testsuite ignored="0" hostname="admin-PC" failures="0" tests="3" name="Default test" time="57.4" errors="0" timestamp="2020-05-28T22:30:44 IST">
  <testcase classname="com.swaglabs.qa.tests.LoginTest" name="login" time="17.46"/>
  <testcase classname="com.swaglabs.qa.tests.LoginTest" name="logoTest" time="0.144"/>
  <testcase classname="com.swaglabs.qa.tests.LoginTest" name="titleTest" time="0.021"/>
</testsuite> <!-- Default test -->
