<?xml version="1.0" encoding="UTF-8"?>
<!-- Generated by org.testng.reporters.JUnitXMLReporter -->
<testsuite ignored="0" hostname="admin-PC" failures="0" tests="7" name="Test" time="97.763" errors="0" timestamp="2020-05-29T23:30:37 IST">
  <testcase classname="com.swaglabs.qa.tests.LoginTest" name="titleTest" time="0.028"/>
  <testcase classname="com.swaglabs.qa.tests.LoginTest" name="logoTest" time="0.149"/>
  <testcase classname="com.swaglabs.qa.tests.LoginTest" name="login" time="4.243"/>
  <testcase classname="com.swaglabs.qa.tests.HomePageTest" name="VerifyHomePageLogoTest" time="0.018"/>
  <testcase classname="com.swaglabs.qa.tests.HomePageTest" name="verifyHomePageLogoTest" time="0.068"/>
  <testcase classname="com.swaglabs.qa.tests.HomePageTest" name="verifyInventoryImageTest" time="0.064"/>
  <testcase classname="com.swaglabs.qa.tests.HomePageTest" name="verifyAddToCartOptionTest" time="0.105"/>
</testsuite> <!-- Test -->
