<?xml version="1.0" encoding="UTF-8"?>
<testng-results ignored="0" total="7" passed="7" failed="0" skipped="0">
  <reporter-output>
  </reporter-output>
  <suite started-at="2020-05-29T23:28:59 IST" name="Suite" finished-at="2020-05-29T23:30:37 IST" duration-ms="97763">
    <groups>
    </groups>
    <test started-at="2020-05-29T23:28:59 IST" name="Test" finished-at="2020-05-29T23:30:37 IST" duration-ms="97763">
      <class name="com.swaglabs.qa.tests.HomePageTest">
        <test-method is-config="true" signature="setUp()[pri:0, instance:com.swaglabs.qa.tests.HomePageTest@78e94dcf]" started-at="2020-05-29T23:29:39 IST" name="setUp" finished-at="2020-05-29T23:29:53 IST" duration-ms="13520" status="PASS">
          <reporter-output>
          </reporter-output>
        </test-method> <!-- setUp -->
        <test-method signature="VerifyHomePageLogoTest()[pri:1, instance:com.swaglabs.qa.tests.HomePageTest@78e94dcf]" started-at="2020-05-29T23:29:53 IST" name="VerifyHomePageLogoTest" finished-at="2020-05-29T23:29:53 IST" duration-ms="18" status="PASS">
          <reporter-output>
          </reporter-output>
        </test-method> <!-- VerifyHomePageLogoTest -->
        <test-method is-config="true" signature="tearDown()[pri:0, instance:com.swaglabs.qa.tests.HomePageTest@78e94dcf]" started-at="2020-05-29T23:29:53 IST" name="tearDown" finished-at="2020-05-29T23:29:54 IST" duration-ms="1839" status="PASS">
          <reporter-output>
          </reporter-output>
        </test-method> <!-- tearDown -->
        <test-method is-config="true" signature="setUp()[pri:0, instance:com.swaglabs.qa.tests.HomePageTest@78e94dcf]" started-at="2020-05-29T23:29:54 IST" name="setUp" finished-at="2020-05-29T23:30:10 IST" duration-ms="15780" status="PASS">
          <reporter-output>
          </reporter-output>
        </test-method> <!-- setUp -->
        <test-method signature="verifyHomePageLogoTest()[pri:2, instance:com.swaglabs.qa.tests.HomePageTest@78e94dcf]" started-at="2020-05-29T23:30:10 IST" name="verifyHomePageLogoTest" finished-at="2020-05-29T23:30:10 IST" duration-ms="68" status="PASS">
          <reporter-output>
          </reporter-output>
        </test-method> <!-- verifyHomePageLogoTest -->
        <test-method is-config="true" signature="tearDown()[pri:0, instance:com.swaglabs.qa.tests.HomePageTest@78e94dcf]" started-at="2020-05-29T23:30:10 IST" name="tearDown" finished-at="2020-05-29T23:30:11 IST" duration-ms="644" status="PASS">
          <reporter-output>
          </reporter-output>
        </test-method> <!-- tearDown -->
        <test-method is-config="true" signature="setUp()[pri:0, instance:com.swaglabs.qa.tests.HomePageTest@78e94dcf]" started-at="2020-05-29T23:30:11 IST" name="setUp" finished-at="2020-05-29T23:30:24 IST" duration-ms="13103" status="PASS">
          <reporter-output>
          </reporter-output>
        </test-method> <!-- setUp -->
        <test-method signature="verifyInventoryImageTest()[pri:3, instance:com.swaglabs.qa.tests.HomePageTest@78e94dcf]" started-at="2020-05-29T23:30:24 IST" name="verifyInventoryImageTest" finished-at="2020-05-29T23:30:24 IST" duration-ms="64" status="PASS">
          <reporter-output>
          </reporter-output>
        </test-method> <!-- verifyInventoryImageTest -->
        <test-method is-config="true" signature="tearDown()[pri:0, instance:com.swaglabs.qa.tests.HomePageTest@78e94dcf]" started-at="2020-05-29T23:30:24 IST" name="tearDown" finished-at="2020-05-29T23:30:25 IST" duration-ms="634" status="PASS">
          <reporter-output>
          </reporter-output>
        </test-method> <!-- tearDown -->
        <test-method is-config="true" signature="setUp()[pri:0, instance:com.swaglabs.qa.tests.HomePageTest@78e94dcf]" started-at="2020-05-29T23:30:25 IST" name="setUp" finished-at="2020-05-29T23:30:36 IST" duration-ms="11361" status="PASS">
          <reporter-output>
          </reporter-output>
        </test-method> <!-- setUp -->
        <test-method signature="verifyAddToCartOptionTest()[pri:4, instance:com.swaglabs.qa.tests.HomePageTest@78e94dcf]" started-at="2020-05-29T23:30:36 IST" name="verifyAddToCartOptionTest" finished-at="2020-05-29T23:30:36 IST" duration-ms="105" status="PASS">
          <reporter-output>
          </reporter-output>
        </test-method> <!-- verifyAddToCartOptionTest -->
        <test-method is-config="true" signature="tearDown()[pri:0, instance:com.swaglabs.qa.tests.HomePageTest@78e94dcf]" started-at="2020-05-29T23:30:36 IST" name="tearDown" finished-at="2020-05-29T23:30:37 IST" duration-ms="782" status="PASS">
          <reporter-output>
          </reporter-output>
        </test-method> <!-- tearDown -->
      </class> <!-- com.swaglabs.qa.tests.HomePageTest -->
      <class name="com.swaglabs.qa.tests.LoginTest">
        <test-method is-config="true" signature="setUp()[pri:0, instance:com.swaglabs.qa.tests.LoginTest@37918c79]" started-at="2020-05-29T23:28:59 IST" name="setUp" finished-at="2020-05-29T23:29:13 IST" duration-ms="13330" status="PASS">
          <reporter-output>
          </reporter-output>
        </test-method> <!-- setUp -->
        <test-method signature="titleTest()[pri:1, instance:com.swaglabs.qa.tests.LoginTest@37918c79]" started-at="2020-05-29T23:29:13 IST" name="titleTest" finished-at="2020-05-29T23:29:13 IST" duration-ms="28" status="PASS">
          <reporter-output>
          </reporter-output>
        </test-method> <!-- titleTest -->
        <test-method is-config="true" signature="tearDown()[pri:0, instance:com.swaglabs.qa.tests.LoginTest@37918c79]" started-at="2020-05-29T23:29:13 IST" name="tearDown" finished-at="2020-05-29T23:29:13 IST" duration-ms="699" status="PASS">
          <reporter-output>
          </reporter-output>
        </test-method> <!-- tearDown -->
        <test-method is-config="true" signature="setUp()[pri:0, instance:com.swaglabs.qa.tests.LoginTest@37918c79]" started-at="2020-05-29T23:29:13 IST" name="setUp" finished-at="2020-05-29T23:29:23 IST" duration-ms="10031" status="PASS">
          <reporter-output>
          </reporter-output>
        </test-method> <!-- setUp -->
        <test-method signature="logoTest()[pri:2, instance:com.swaglabs.qa.tests.LoginTest@37918c79]" started-at="2020-05-29T23:29:23 IST" name="logoTest" finished-at="2020-05-29T23:29:23 IST" duration-ms="149" status="PASS">
          <reporter-output>
          </reporter-output>
        </test-method> <!-- logoTest -->
        <test-method is-config="true" signature="tearDown()[pri:0, instance:com.swaglabs.qa.tests.LoginTest@37918c79]" started-at="2020-05-29T23:29:23 IST" name="tearDown" finished-at="2020-05-29T23:29:24 IST" duration-ms="629" status="PASS">
          <reporter-output>
          </reporter-output>
        </test-method> <!-- tearDown -->
        <test-method is-config="true" signature="setUp()[pri:0, instance:com.swaglabs.qa.tests.LoginTest@37918c79]" started-at="2020-05-29T23:29:24 IST" name="setUp" finished-at="2020-05-29T23:29:34 IST" duration-ms="9990" status="PASS">
          <reporter-output>
          </reporter-output>
        </test-method> <!-- setUp -->
        <test-method signature="login()[pri:3, instance:com.swaglabs.qa.tests.LoginTest@37918c79]" started-at="2020-05-29T23:29:34 IST" name="login" finished-at="2020-05-29T23:29:38 IST" duration-ms="4243" status="PASS">
          <reporter-output>
          </reporter-output>
        </test-method> <!-- login -->
        <test-method is-config="true" signature="tearDown()[pri:0, instance:com.swaglabs.qa.tests.LoginTest@37918c79]" started-at="2020-05-29T23:29:38 IST" name="tearDown" finished-at="2020-05-29T23:29:39 IST" duration-ms="649" status="PASS">
          <reporter-output>
          </reporter-output>
        </test-method> <!-- tearDown -->
      </class> <!-- com.swaglabs.qa.tests.LoginTest -->
    </test> <!-- Test -->
  </suite> <!-- Suite -->
</testng-results>
